<html>
<head>
<title>TestNG:  Test</title>
<link href="../testng.css" rel="stylesheet" type="text/css" />
<link href="../my-testng.css" rel="stylesheet" type="text/css" />

<style type="text/css">
.log { display: none;} 
.stack-trace { display: none;} 
</style>
<script type="text/javascript">
<!--
function flip(e) {
  current = e.style.display;
  if (current == 'block') {
    e.style.display = 'none';
    return 0;
  }
  else {
    e.style.display = 'block';
    return 1;
  }
}

function toggleBox(szDivId, elem, msg1, msg2)
{
  var res = -1;  if (document.getElementById) {
    res = flip(document.getElementById(szDivId));
  }
  else if (document.all) {
    // this is the way old msie versions work
    res = flip(document.all[szDivId]);
  }
  if(elem) {
    if(res == 0) elem.innerHTML = msg1; else elem.innerHTML = msg2;
  }

}

function toggleAllBoxes() {
  if (document.getElementsByTagName) {
    d = document.getElementsByTagName('div');
    for (i = 0; i < d.length; i++) {
      if (d[i].className == 'log') {
        flip(d[i]);
      }
    }
  }
}

// -->
</script>

</head>
<body>
<h2 align='center'>Test</h2><table border='1' align="center">
<tr>
<td>Tests passed/Failed/Skipped:</td><td>33/5/0</td>
</tr><tr>
<td>Started on:</td><td>Tue Apr 13 15:50:55 EDT 2021</td>
</tr>
<tr><td>Total time:</td><td>420 seconds (420160 ms)</td>
</tr><tr>
<td>Included groups:</td><td></td>
</tr><tr>
<td>Excluded groups:</td><td></td>
</tr>
</table><p/>
<small><i>(Hover the method name to see the test class name)</i></small><p/>
<table width='100%' border='1' class='invocation-failed'>
<tr><td colspan='4' align='center'><b>FAILED TESTS</b></td></tr>
<tr><td><b>Test method</b></td>
<td width="30%"><b>Exception</b></td>
<td width="10%"><b>Time (seconds)</b></td>
<td><b>Instance</b></td>
</tr>
<tr>
<td title='ca.walmart.qa.testcases.LoginPageTestCases.Login_TC10_LastnameErrorMsg()'><b>Login_TC10_LastnameErrorMsg</b><br>Test class: ca.walmart.qa.testcases.LoginPageTestCases</td>
<td><div><pre>java.lang.AssertionError: expected [please enter valid last name.] but found [Please enter a valid last name.]
	at ca.walmart.qa.testcases.LoginPageTestCases.Login_TC10_LastnameErrorMsg(LoginPageTestCases.java:117)
	at java.base/java.util.ArrayList.forEach(ArrayList.java:1511)
... Removed 33 stack frames</pre></div><a href='#' onClick='toggleBox("stack-trace1183701566", this, "Click to show all stack frames", "Click to hide stack frames")'>Click to show all stack frames</a>
<div class='stack-trace' id='stack-trace1183701566'><pre>java.lang.AssertionError: expected [please enter valid last name.] but found [Please enter a valid last name.]
	at org.testng.Assert.fail(Assert.java:99)
	at org.testng.Assert.failNotEquals(Assert.java:1037)
	at org.testng.Assert.assertEqualsImpl(Assert.java:140)
	at org.testng.Assert.assertEquals(Assert.java:122)
	at org.testng.Assert.assertEquals(Assert.java:629)
	at org.testng.Assert.assertEquals(Assert.java:639)
	at ca.walmart.qa.testcases.LoginPageTestCases.Login_TC10_LastnameErrorMsg(LoginPageTestCases.java:117)
	at java.base/jdk.internal.reflect.NativeMethodAccessorImpl.invoke0(Native Method)
	at java.base/jdk.internal.reflect.NativeMethodAccessorImpl.invoke(NativeMethodAccessorImpl.java:64)
	at java.base/jdk.internal.reflect.DelegatingMethodAccessorImpl.invoke(DelegatingMethodAccessorImpl.java:43)
	at java.base/java.lang.reflect.Method.invoke(Method.java:564)
	at org.testng.internal.MethodInvocationHelper.invokeMethod(MethodInvocationHelper.java:133)
	at org.testng.internal.TestInvoker.invokeMethod(TestInvoker.java:598)
	at org.testng.internal.TestInvoker.invokeTestMethod(TestInvoker.java:173)
	at org.testng.internal.MethodRunner.runInSequence(MethodRunner.java:46)
	at org.testng.internal.TestInvoker$MethodInvocationAgent.invoke(TestInvoker.java:824)
	at org.testng.internal.TestInvoker.invokeTestMethods(TestInvoker.java:146)
	at org.testng.internal.TestMethodWorker.invokeTestMethods(TestMethodWorker.java:146)
	at org.testng.internal.TestMethodWorker.run(TestMethodWorker.java:128)
	at java.base/java.util.ArrayList.forEach(ArrayList.java:1511)
	at org.testng.TestRunner.privateRun(TestRunner.java:794)
	at org.testng.TestRunner.run(TestRunner.java:596)
	at org.testng.SuiteRunner.runTest(SuiteRunner.java:377)
	at org.testng.SuiteRunner.runSequentially(SuiteRunner.java:371)
	at org.testng.SuiteRunner.privateRun(SuiteRunner.java:332)
	at org.testng.SuiteRunner.run(SuiteRunner.java:276)
	at org.testng.SuiteRunnerWorker.runSuite(SuiteRunnerWorker.java:53)
	at org.testng.SuiteRunnerWorker.run(SuiteRunnerWorker.java:96)
	at org.testng.TestNG.runSuitesSequentially(TestNG.java:1212)
	at org.testng.TestNG.runSuitesLocally(TestNG.java:1134)
	at org.testng.TestNG.runSuites(TestNG.java:1063)
	at org.testng.TestNG.run(TestNG.java:1031)
	at org.testng.remote.AbstractRemoteTestNG.run(AbstractRemoteTestNG.java:115)
	at org.testng.remote.RemoteTestNG.initAndRun(RemoteTestNG.java:251)
	at org.testng.remote.RemoteTestNG.main(RemoteTestNG.java:77)
</pre></div></td>
<td>0</td>
<td>ca.walmart.qa.testcases.LoginPageTestCases@4cc451f2</td></tr>
<tr>
<td title='ca.walmart.qa.testcases.LoginPageTestCases.Login_TC5_FirstnameErrorMsg()'><b>Login_TC5_FirstnameErrorMsg</b><br>Test class: ca.walmart.qa.testcases.LoginPageTestCases</td>
<td><div><pre>java.lang.AssertionError: expected [please enter valid first name.] but found [Please enter a valid first name.]
	at ca.walmart.qa.testcases.LoginPageTestCases.Login_TC5_FirstnameErrorMsg(LoginPageTestCases.java:75)
	at java.base/java.util.ArrayList.forEach(ArrayList.java:1511)
... Removed 33 stack frames</pre></div><a href='#' onClick='toggleBox("stack-trace1814554368", this, "Click to show all stack frames", "Click to hide stack frames")'>Click to show all stack frames</a>
<div class='stack-trace' id='stack-trace1814554368'><pre>java.lang.AssertionError: expected [please enter valid first name.] but found [Please enter a valid first name.]
	at org.testng.Assert.fail(Assert.java:99)
	at org.testng.Assert.failNotEquals(Assert.java:1037)
	at org.testng.Assert.assertEqualsImpl(Assert.java:140)
	at org.testng.Assert.assertEquals(Assert.java:122)
	at org.testng.Assert.assertEquals(Assert.java:629)
	at org.testng.Assert.assertEquals(Assert.java:639)
	at ca.walmart.qa.testcases.LoginPageTestCases.Login_TC5_FirstnameErrorMsg(LoginPageTestCases.java:75)
	at java.base/jdk.internal.reflect.NativeMethodAccessorImpl.invoke0(Native Method)
	at java.base/jdk.internal.reflect.NativeMethodAccessorImpl.invoke(NativeMethodAccessorImpl.java:64)
	at java.base/jdk.internal.reflect.DelegatingMethodAccessorImpl.invoke(DelegatingMethodAccessorImpl.java:43)
	at java.base/java.lang.reflect.Method.invoke(Method.java:564)
	at org.testng.internal.MethodInvocationHelper.invokeMethod(MethodInvocationHelper.java:133)
	at org.testng.internal.TestInvoker.invokeMethod(TestInvoker.java:598)
	at org.testng.internal.TestInvoker.invokeTestMethod(TestInvoker.java:173)
	at org.testng.internal.MethodRunner.runInSequence(MethodRunner.java:46)
	at org.testng.internal.TestInvoker$MethodInvocationAgent.invoke(TestInvoker.java:824)
	at org.testng.internal.TestInvoker.invokeTestMethods(TestInvoker.java:146)
	at org.testng.internal.TestMethodWorker.invokeTestMethods(TestMethodWorker.java:146)
	at org.testng.internal.TestMethodWorker.run(TestMethodWorker.java:128)
	at java.base/java.util.ArrayList.forEach(ArrayList.java:1511)
	at org.testng.TestRunner.privateRun(TestRunner.java:794)
	at org.testng.TestRunner.run(TestRunner.java:596)
	at org.testng.SuiteRunner.runTest(SuiteRunner.java:377)
	at org.testng.SuiteRunner.runSequentially(SuiteRunner.java:371)
	at org.testng.SuiteRunner.privateRun(SuiteRunner.java:332)
	at org.testng.SuiteRunner.run(SuiteRunner.java:276)
	at org.testng.SuiteRunnerWorker.runSuite(SuiteRunnerWorker.java:53)
	at org.testng.SuiteRunnerWorker.run(SuiteRunnerWorker.java:96)
	at org.testng.TestNG.runSuitesSequentially(TestNG.java:1212)
	at org.testng.TestNG.runSuitesLocally(TestNG.java:1134)
	at org.testng.TestNG.runSuites(TestNG.java:1063)
	at org.testng.TestNG.run(TestNG.java:1031)
	at org.testng.remote.AbstractRemoteTestNG.run(AbstractRemoteTestNG.java:115)
	at org.testng.remote.RemoteTestNG.initAndRun(RemoteTestNG.java:251)
	at org.testng.remote.RemoteTestNG.main(RemoteTestNG.java:77)
</pre></div></td>
<td>0</td>
<td>ca.walmart.qa.testcases.LoginPageTestCases@4cc451f2</td></tr>
<tr>
<td title='ca.walmart.qa.testcases.LoginPageTestCases.Login_TC15_ErrorMessagePhone()'><b>Login_TC15_ErrorMessagePhone</b><br>Test class: ca.walmart.qa.testcases.LoginPageTestCases</td>
<td><div><pre>java.lang.AssertionError: expected [Please enter valid phone number.] but found [Please enter a valid phone number.]
	at ca.walmart.qa.testcases.LoginPageTestCases.Login_TC15_ErrorMessagePhone(LoginPageTestCases.java:147)
	at java.base/java.util.ArrayList.forEach(ArrayList.java:1511)
... Removed 33 stack frames</pre></div><a href='#' onClick='toggleBox("stack-trace1749590097", this, "Click to show all stack frames", "Click to hide stack frames")'>Click to show all stack frames</a>
<div class='stack-trace' id='stack-trace1749590097'><pre>java.lang.AssertionError: expected [Please enter valid phone number.] but found [Please enter a valid phone number.]
	at org.testng.Assert.fail(Assert.java:99)
	at org.testng.Assert.failNotEquals(Assert.java:1037)
	at org.testng.Assert.assertEqualsImpl(Assert.java:140)
	at org.testng.Assert.assertEquals(Assert.java:122)
	at org.testng.Assert.assertEquals(Assert.java:629)
	at org.testng.Assert.assertEquals(Assert.java:639)
	at ca.walmart.qa.testcases.LoginPageTestCases.Login_TC15_ErrorMessagePhone(LoginPageTestCases.java:147)
	at java.base/jdk.internal.reflect.NativeMethodAccessorImpl.invoke0(Native Method)
	at java.base/jdk.internal.reflect.NativeMethodAccessorImpl.invoke(NativeMethodAccessorImpl.java:64)
	at java.base/jdk.internal.reflect.DelegatingMethodAccessorImpl.invoke(DelegatingMethodAccessorImpl.java:43)
	at java.base/java.lang.reflect.Method.invoke(Method.java:564)
	at org.testng.internal.MethodInvocationHelper.invokeMethod(MethodInvocationHelper.java:133)
	at org.testng.internal.TestInvoker.invokeMethod(TestInvoker.java:598)
	at org.testng.internal.TestInvoker.invokeTestMethod(TestInvoker.java:173)
	at org.testng.internal.MethodRunner.runInSequence(MethodRunner.java:46)
	at org.testng.internal.TestInvoker$MethodInvocationAgent.invoke(TestInvoker.java:824)
	at org.testng.internal.TestInvoker.invokeTestMethods(TestInvoker.java:146)
	at org.testng.internal.TestMethodWorker.invokeTestMethods(TestMethodWorker.java:146)
	at org.testng.internal.TestMethodWorker.run(TestMethodWorker.java:128)
	at java.base/java.util.ArrayList.forEach(ArrayList.java:1511)
	at org.testng.TestRunner.privateRun(TestRunner.java:794)
	at org.testng.TestRunner.run(TestRunner.java:596)
	at org.testng.SuiteRunner.runTest(SuiteRunner.java:377)
	at org.testng.SuiteRunner.runSequentially(SuiteRunner.java:371)
	at org.testng.SuiteRunner.privateRun(SuiteRunner.java:332)
	at org.testng.SuiteRunner.run(SuiteRunner.java:276)
	at org.testng.SuiteRunnerWorker.runSuite(SuiteRunnerWorker.java:53)
	at org.testng.SuiteRunnerWorker.run(SuiteRunnerWorker.java:96)
	at org.testng.TestNG.runSuitesSequentially(TestNG.java:1212)
	at org.testng.TestNG.runSuitesLocally(TestNG.java:1134)
	at org.testng.TestNG.runSuites(TestNG.java:1063)
	at org.testng.TestNG.run(TestNG.java:1031)
	at org.testng.remote.AbstractRemoteTestNG.run(AbstractRemoteTestNG.java:115)
	at org.testng.remote.RemoteTestNG.initAndRun(RemoteTestNG.java:251)
	at org.testng.remote.RemoteTestNG.main(RemoteTestNG.java:77)
</pre></div></td>
<td>0</td>
<td>ca.walmart.qa.testcases.LoginPageTestCases@4cc451f2</td></tr>
<tr>
<td title='ca.walmart.qa.testcases.HomePageTestCases.Search_TC35_PartialitemNumber()'><b>Search_TC35_PartialitemNumber</b><br>Test class: ca.walmart.qa.testcases.HomePageTestCases</td>
<td><div><pre>java.lang.AssertionError: expected [Search: 101919] but found [Search: 10191]
	at ca.walmart.qa.testcases.HomePageTestCases.Search_TC35_PartialitemNumber(HomePageTestCases.java:61)
	at java.base/java.util.ArrayList.forEach(ArrayList.java:1511)
... Removed 33 stack frames</pre></div><a href='#' onClick='toggleBox("stack-trace1790229151", this, "Click to show all stack frames", "Click to hide stack frames")'>Click to show all stack frames</a>
<div class='stack-trace' id='stack-trace1790229151'><pre>java.lang.AssertionError: expected [Search: 101919] but found [Search: 10191]
	at org.testng.Assert.fail(Assert.java:99)
	at org.testng.Assert.failNotEquals(Assert.java:1037)
	at org.testng.Assert.assertEqualsImpl(Assert.java:140)
	at org.testng.Assert.assertEquals(Assert.java:122)
	at org.testng.Assert.assertEquals(Assert.java:629)
	at org.testng.Assert.assertEquals(Assert.java:639)
	at ca.walmart.qa.testcases.HomePageTestCases.Search_TC35_PartialitemNumber(HomePageTestCases.java:61)
	at java.base/jdk.internal.reflect.NativeMethodAccessorImpl.invoke0(Native Method)
	at java.base/jdk.internal.reflect.NativeMethodAccessorImpl.invoke(NativeMethodAccessorImpl.java:64)
	at java.base/jdk.internal.reflect.DelegatingMethodAccessorImpl.invoke(DelegatingMethodAccessorImpl.java:43)
	at java.base/java.lang.reflect.Method.invoke(Method.java:564)
	at org.testng.internal.MethodInvocationHelper.invokeMethod(MethodInvocationHelper.java:133)
	at org.testng.internal.TestInvoker.invokeMethod(TestInvoker.java:598)
	at org.testng.internal.TestInvoker.invokeTestMethod(TestInvoker.java:173)
	at org.testng.internal.MethodRunner.runInSequence(MethodRunner.java:46)
	at org.testng.internal.TestInvoker$MethodInvocationAgent.invoke(TestInvoker.java:824)
	at org.testng.internal.TestInvoker.invokeTestMethods(TestInvoker.java:146)
	at org.testng.internal.TestMethodWorker.invokeTestMethods(TestMethodWorker.java:146)
	at org.testng.internal.TestMethodWorker.run(TestMethodWorker.java:128)
	at java.base/java.util.ArrayList.forEach(ArrayList.java:1511)
	at org.testng.TestRunner.privateRun(TestRunner.java:794)
	at org.testng.TestRunner.run(TestRunner.java:596)
	at org.testng.SuiteRunner.runTest(SuiteRunner.java:377)
	at org.testng.SuiteRunner.runSequentially(SuiteRunner.java:371)
	at org.testng.SuiteRunner.privateRun(SuiteRunner.java:332)
	at org.testng.SuiteRunner.run(SuiteRunner.java:276)
	at org.testng.SuiteRunnerWorker.runSuite(SuiteRunnerWorker.java:53)
	at org.testng.SuiteRunnerWorker.run(SuiteRunnerWorker.java:96)
	at org.testng.TestNG.runSuitesSequentially(TestNG.java:1212)
	at org.testng.TestNG.runSuitesLocally(TestNG.java:1134)
	at org.testng.TestNG.runSuites(TestNG.java:1063)
	at org.testng.TestNG.run(TestNG.java:1031)
	at org.testng.remote.AbstractRemoteTestNG.run(AbstractRemoteTestNG.java:115)
	at org.testng.remote.RemoteTestNG.initAndRun(RemoteTestNG.java:251)
	at org.testng.remote.RemoteTestNG.main(RemoteTestNG.java:77)
</pre></div></td>
<td>5</td>
<td>ca.walmart.qa.testcases.HomePageTestCases@192d43ce</td></tr>
<tr>
<td title='ca.walmart.qa.testcases.HomePageTestCases.Search_TC34_ItemNumber()'><b>Search_TC34_ItemNumber</b><br>Test class: ca.walmart.qa.testcases.HomePageTestCases</td>
<td><div><pre>java.lang.AssertionError: expected [Search: 1019194] but found [Search: 1012164]
	at ca.walmart.qa.testcases.HomePageTestCases.Search_TC34_ItemNumber(HomePageTestCases.java:54)
	at java.base/java.util.ArrayList.forEach(ArrayList.java:1511)
... Removed 33 stack frames</pre></div><a href='#' onClick='toggleBox("stack-trace737085888", this, "Click to show all stack frames", "Click to hide stack frames")'>Click to show all stack frames</a>
<div class='stack-trace' id='stack-trace737085888'><pre>java.lang.AssertionError: expected [Search: 1019194] but found [Search: 1012164]
	at org.testng.Assert.fail(Assert.java:99)
	at org.testng.Assert.failNotEquals(Assert.java:1037)
	at org.testng.Assert.assertEqualsImpl(Assert.java:140)
	at org.testng.Assert.assertEquals(Assert.java:122)
	at org.testng.Assert.assertEquals(Assert.java:629)
	at org.testng.Assert.assertEquals(Assert.java:639)
	at ca.walmart.qa.testcases.HomePageTestCases.Search_TC34_ItemNumber(HomePageTestCases.java:54)
	at java.base/jdk.internal.reflect.NativeMethodAccessorImpl.invoke0(Native Method)
	at java.base/jdk.internal.reflect.NativeMethodAccessorImpl.invoke(NativeMethodAccessorImpl.java:64)
	at java.base/jdk.internal.reflect.DelegatingMethodAccessorImpl.invoke(DelegatingMethodAccessorImpl.java:43)
	at java.base/java.lang.reflect.Method.invoke(Method.java:564)
	at org.testng.internal.MethodInvocationHelper.invokeMethod(MethodInvocationHelper.java:133)
	at org.testng.internal.TestInvoker.invokeMethod(TestInvoker.java:598)
	at org.testng.internal.TestInvoker.invokeTestMethod(TestInvoker.java:173)
	at org.testng.internal.MethodRunner.runInSequence(MethodRunner.java:46)
	at org.testng.internal.TestInvoker$MethodInvocationAgent.invoke(TestInvoker.java:824)
	at org.testng.internal.TestInvoker.invokeTestMethods(TestInvoker.java:146)
	at org.testng.internal.TestMethodWorker.invokeTestMethods(TestMethodWorker.java:146)
	at org.testng.internal.TestMethodWorker.run(TestMethodWorker.java:128)
	at java.base/java.util.ArrayList.forEach(ArrayList.java:1511)
	at org.testng.TestRunner.privateRun(TestRunner.java:794)
	at org.testng.TestRunner.run(TestRunner.java:596)
	at org.testng.SuiteRunner.runTest(SuiteRunner.java:377)
	at org.testng.SuiteRunner.runSequentially(SuiteRunner.java:371)
	at org.testng.SuiteRunner.privateRun(SuiteRunner.java:332)
	at org.testng.SuiteRunner.run(SuiteRunner.java:276)
	at org.testng.SuiteRunnerWorker.runSuite(SuiteRunnerWorker.java:53)
	at org.testng.SuiteRunnerWorker.run(SuiteRunnerWorker.java:96)
	at org.testng.TestNG.runSuitesSequentially(TestNG.java:1212)
	at org.testng.TestNG.runSuitesLocally(TestNG.java:1134)
	at org.testng.TestNG.runSuites(TestNG.java:1063)
	at org.testng.TestNG.run(TestNG.java:1031)
	at org.testng.remote.AbstractRemoteTestNG.run(AbstractRemoteTestNG.java:115)
	at org.testng.remote.RemoteTestNG.initAndRun(RemoteTestNG.java:251)
	at org.testng.remote.RemoteTestNG.main(RemoteTestNG.java:77)
</pre></div></td>
<td>7</td>
<td>ca.walmart.qa.testcases.HomePageTestCases@192d43ce</td></tr>
</table><p>
<table width='100%' border='1' class='invocation-passed'>
<tr><td colspan='4' align='center'><b>PASSED TESTS</b></td></tr>
<tr><td><b>Test method</b></td>
<td width="30%"><b>Exception</b></td>
<td width="10%"><b>Time (seconds)</b></td>
<td><b>Instance</b></td>
</tr>
<tr>
<td title='ca.walmart.qa.testcases.LoginPageTestCases.Login_TC17_InvalidEmail()'><b>Login_TC17_InvalidEmail</b><br>Test class: ca.walmart.qa.testcases.LoginPageTestCases</td>
<td></td>
<td>0</td>
<td>ca.walmart.qa.testcases.LoginPageTestCases@4cc451f2</td></tr>
<tr>
<td title='ca.walmart.qa.testcases.LoginPageTestCases.Login_TC14_Morethan10Phone()'><b>Login_TC14_Morethan10Phone</b><br>Test class: ca.walmart.qa.testcases.LoginPageTestCases</td>
<td></td>
<td>0</td>
<td>ca.walmart.qa.testcases.LoginPageTestCases@4cc451f2</td></tr>
<tr>
<td title='ca.walmart.qa.testcases.HomePageTestCases.Filter_TC38_CheckNew()'><b>Filter_TC38_CheckNew</b><br>Test class: ca.walmart.qa.testcases.HomePageTestCases</td>
<td></td>
<td>8</td>
<td>ca.walmart.qa.testcases.HomePageTestCases@192d43ce</td></tr>
<tr>
<td title='ca.walmart.qa.testcases.LoginPageTestCases.Login_TC22_StrongPassword()'><b>Login_TC22_StrongPassword</b><br>Test class: ca.walmart.qa.testcases.LoginPageTestCases</td>
<td></td>
<td>0</td>
<td>ca.walmart.qa.testcases.LoginPageTestCases@4cc451f2</td></tr>
<tr>
<td title='ca.walmart.qa.testcases.HomePageTestCases.Filter_TC43_Brand()'><b>Filter_TC43_Brand</b><br>Test class: ca.walmart.qa.testcases.HomePageTestCases</td>
<td></td>
<td>0</td>
<td>ca.walmart.qa.testcases.HomePageTestCases@192d43ce</td></tr>
<tr>
<td title='ca.walmart.qa.testcases.LoginPageTestCases.Login_TC23_CharAndSpecialCharPassword()'><b>Login_TC23_CharAndSpecialCharPassword</b><br>Test class: ca.walmart.qa.testcases.LoginPageTestCases</td>
<td></td>
<td>0</td>
<td>ca.walmart.qa.testcases.LoginPageTestCases@4cc451f2</td></tr>
<tr>
<td title='ca.walmart.qa.testcases.LoginPageTestCases.Login_TC20_EncryptPassword()'><b>Login_TC20_EncryptPassword</b><br>Test class: ca.walmart.qa.testcases.LoginPageTestCases</td>
<td></td>
<td>0</td>
<td>ca.walmart.qa.testcases.LoginPageTestCases@4cc451f2</td></tr>
<tr>
<td title='ca.walmart.qa.testcases.LoginPageTestCases.Login_TC6_LastnameMoreThan2Char()'><b>Login_TC6_LastnameMoreThan2Char</b><br>Test class: ca.walmart.qa.testcases.LoginPageTestCases</td>
<td></td>
<td>0</td>
<td>ca.walmart.qa.testcases.LoginPageTestCases@4cc451f2</td></tr>
<tr>
<td title='ca.walmart.qa.testcases.LoginPageTestCases.Login_TC16_ValidEmail()'><b>Login_TC16_ValidEmail</b><br>Test class: ca.walmart.qa.testcases.LoginPageTestCases</td>
<td></td>
<td>0</td>
<td>ca.walmart.qa.testcases.LoginPageTestCases@4cc451f2</td></tr>
<tr>
<td title='ca.walmart.qa.testcases.LoginPageTestCases.Login_TC24_SpecialCharAndCharPassword()'><b>Login_TC24_SpecialCharAndCharPassword</b><br>Test class: ca.walmart.qa.testcases.LoginPageTestCases</td>
<td></td>
<td>0</td>
<td>ca.walmart.qa.testcases.LoginPageTestCases@4cc451f2</td></tr>
<tr>
<td title='ca.walmart.qa.testcases.LoginPageTestCases.Login_TC27_NumberPassword()'><b>Login_TC27_NumberPassword</b><br>Test class: ca.walmart.qa.testcases.LoginPageTestCases</td>
<td></td>
<td>0</td>
<td>ca.walmart.qa.testcases.LoginPageTestCases@4cc451f2</td></tr>
<tr>
<td title='ca.walmart.qa.testcases.HomePageTestCases.Search_TC32_KeywordSearch()'><b>Search_TC32_KeywordSearch</b><br>Test class: ca.walmart.qa.testcases.HomePageTestCases</td>
<td></td>
<td>6</td>
<td>ca.walmart.qa.testcases.HomePageTestCases@192d43ce</td></tr>
<tr>
<td title='ca.walmart.qa.testcases.LoginPageTestCases.loginPageTitleCheck()'><b>loginPageTitleCheck</b><br>Test class: ca.walmart.qa.testcases.LoginPageTestCases</td>
<td></td>
<td>0</td>
<td>ca.walmart.qa.testcases.LoginPageTestCases@4cc451f2</td></tr>
<tr>
<td title='ca.walmart.qa.testcases.LoginPageTestCases.Login_TC18_PasswordMoreThan6()'><b>Login_TC18_PasswordMoreThan6</b><br>Test class: ca.walmart.qa.testcases.LoginPageTestCases</td>
<td></td>
<td>0</td>
<td>ca.walmart.qa.testcases.LoginPageTestCases@4cc451f2</td></tr>
<tr>
<td title='ca.walmart.qa.testcases.LoginPageTestCases.Login_TC25_CharacterPassword()'><b>Login_TC25_CharacterPassword</b><br>Test class: ca.walmart.qa.testcases.LoginPageTestCases</td>
<td></td>
<td>0</td>
<td>ca.walmart.qa.testcases.LoginPageTestCases@4cc451f2</td></tr>
<tr>
<td title='ca.walmart.qa.testcases.LoginPageTestCases.Login_TC9_BlankLastnameMsg()'><b>Login_TC9_BlankLastnameMsg</b><br>Test class: ca.walmart.qa.testcases.LoginPageTestCases</td>
<td></td>
<td>0</td>
<td>ca.walmart.qa.testcases.LoginPageTestCases@4cc451f2</td></tr>
<tr>
<td title='ca.walmart.qa.testcases.HomePageTestCases.Filter_TC39_CheckNewArrival()'><b>Filter_TC39_CheckNewArrival</b><br>Test class: ca.walmart.qa.testcases.HomePageTestCases</td>
<td></td>
<td>7</td>
<td>ca.walmart.qa.testcases.HomePageTestCases@192d43ce</td></tr>
<tr>
<td title='ca.walmart.qa.testcases.HomePageTestCases.Filter_TC42_Bestseller()'><b>Filter_TC42_Bestseller</b><br>Test class: ca.walmart.qa.testcases.HomePageTestCases</td>
<td></td>
<td>7</td>
<td>ca.walmart.qa.testcases.HomePageTestCases@192d43ce</td></tr>
<tr>
<td title='ca.walmart.qa.testcases.LoginPageTestCases.Login_TC4_BlankFirstnameMsg()'><b>Login_TC4_BlankFirstnameMsg</b><br>Test class: ca.walmart.qa.testcases.LoginPageTestCases</td>
<td></td>
<td>0</td>
<td>ca.walmart.qa.testcases.LoginPageTestCases@4cc451f2</td></tr>
<tr>
<td title='ca.walmart.qa.testcases.LoginPageTestCases.Login_TC19_PasswordLessThan6()'><b>Login_TC19_PasswordLessThan6</b><br>Test class: ca.walmart.qa.testcases.LoginPageTestCases</td>
<td></td>
<td>0</td>
<td>ca.walmart.qa.testcases.LoginPageTestCases@4cc451f2</td></tr>
<tr>
<td title='ca.walmart.qa.testcases.LoginPageTestCases.Login_TC13_Lessthan10Phone()'><b>Login_TC13_Lessthan10Phone</b><br>Test class: ca.walmart.qa.testcases.LoginPageTestCases</td>
<td></td>
<td>0</td>
<td>ca.walmart.qa.testcases.LoginPageTestCases@4cc451f2</td></tr>
<tr>
<td title='ca.walmart.qa.testcases.LoginPageTestCases.Login_TC2_FirstnameLessThan2Char()'><b>Login_TC2_FirstnameLessThan2Char</b><br>Test class: ca.walmart.qa.testcases.LoginPageTestCases</td>
<td></td>
<td>0</td>
<td>ca.walmart.qa.testcases.LoginPageTestCases@4cc451f2</td></tr>
<tr>
<td title='ca.walmart.qa.testcases.HomePageTestCases.Search_TC33_DescriptionText()'><b>Search_TC33_DescriptionText</b><br>Test class: ca.walmart.qa.testcases.HomePageTestCases</td>
<td></td>
<td>6</td>
<td>ca.walmart.qa.testcases.HomePageTestCases@192d43ce</td></tr>
<tr>
<td title='ca.walmart.qa.testcases.LoginPageTestCases.Login_TC12_Exact10Phone()'><b>Login_TC12_Exact10Phone</b><br>Test class: ca.walmart.qa.testcases.LoginPageTestCases</td>
<td></td>
<td>0</td>
<td>ca.walmart.qa.testcases.LoginPageTestCases@4cc451f2</td></tr>
<tr>
<td title='ca.walmart.qa.testcases.LoginPageTestCases.Login_TC7_LastnameLessthan2Char()'><b>Login_TC7_LastnameLessthan2Char</b><br>Test class: ca.walmart.qa.testcases.LoginPageTestCases</td>
<td></td>
<td>0</td>
<td>ca.walmart.qa.testcases.LoginPageTestCases@4cc451f2</td></tr>
<tr>
<td title='ca.walmart.qa.testcases.LoginPageTestCases.Login_TC8_LastnameSpecialChar()'><b>Login_TC8_LastnameSpecialChar</b><br>Test class: ca.walmart.qa.testcases.LoginPageTestCases</td>
<td></td>
<td>0</td>
<td>ca.walmart.qa.testcases.LoginPageTestCases@4cc451f2</td></tr>
<tr>
<td title='ca.walmart.qa.testcases.LoginPageTestCases.Login_TC1_FirstnameMoreThan2Char()'><b>Login_TC1_FirstnameMoreThan2Char</b><br>Test class: ca.walmart.qa.testcases.LoginPageTestCases</td>
<td></td>
<td>0</td>
<td>ca.walmart.qa.testcases.LoginPageTestCases@4cc451f2</td></tr>
<tr>
<td title='ca.walmart.qa.testcases.LoginPageTestCases.Login_TC3_FirstnameSpecialChar()'><b>Login_TC3_FirstnameSpecialChar</b><br>Test class: ca.walmart.qa.testcases.LoginPageTestCases</td>
<td></td>
<td>0</td>
<td>ca.walmart.qa.testcases.LoginPageTestCases@4cc451f2</td></tr>
<tr>
<td title='ca.walmart.qa.testcases.ShirtPageTestCases.Search_TC36_Result()'><b>Search_TC36_Result</b><br>Test class: ca.walmart.qa.testcases.ShirtPageTestCases</td>
<td></td>
<td>9</td>
<td>ca.walmart.qa.testcases.ShirtPageTestCases@6379eb</td></tr>
<tr>
<td title='ca.walmart.qa.testcases.HomePageTestCases.Filter_TC41_CheckOnlineSaving()'><b>Filter_TC41_CheckOnlineSaving</b><br>Test class: ca.walmart.qa.testcases.HomePageTestCases</td>
<td></td>
<td>7</td>
<td>ca.walmart.qa.testcases.HomePageTestCases@192d43ce</td></tr>
<tr>
<td title='ca.walmart.qa.testcases.LoginPageTestCases.Login_TC21_ShowPassword()'><b>Login_TC21_ShowPassword</b><br>Test class: ca.walmart.qa.testcases.LoginPageTestCases</td>
<td></td>
<td>3</td>
<td>ca.walmart.qa.testcases.LoginPageTestCases@4cc451f2</td></tr>
<tr>
<td title='ca.walmart.qa.testcases.HomePageTestCases.Filter_TC40_CheckRatings()'><b>Filter_TC40_CheckRatings</b><br>Test class: ca.walmart.qa.testcases.HomePageTestCases</td>
<td></td>
<td>7</td>
<td>ca.walmart.qa.testcases.HomePageTestCases@192d43ce</td></tr>
<tr>
<td title='ca.walmart.qa.testcases.HomePageTestCases.Search_TC37_PageItemCount()'><b>Search_TC37_PageItemCount</b><br>Test class: ca.walmart.qa.testcases.HomePageTestCases</td>
<td></td>
<td>8</td>
<td>ca.walmart.qa.testcases.HomePageTestCases@192d43ce</td></tr>
</table><p>
</body>
</html>