<?xml version="1.0" encoding="UTF-8"?>
<!-- Generated by org.testng.reporters.JUnitXMLReporter -->
<testsuite ignored="0" hostname="DESKTOP-PMB3RF0" failures="5" tests="38" name="Test" time="420.16" errors="0" timestamp="2021-04-13T15:57:55 EDT">
  <testcase classname="ca.walmart.qa.testcases.HomePageTestCases" name="Filter_TC38_CheckNew" time="8.232"/>
  <testcase classname="ca.walmart.qa.testcases.HomePageTestCases" name="Filter_TC39_CheckNewArrival" time="7.777"/>
  <testcase classname="ca.walmart.qa.testcases.HomePageTestCases" name="Filter_TC40_CheckRatings" time="7.974"/>
  <testcase classname="ca.walmart.qa.testcases.HomePageTestCases" name="Filter_TC41_CheckOnlineSaving" time="7.145"/>
  <testcase classname="ca.walmart.qa.testcases.HomePageTestCases" name="Filter_TC42_Bestseller" time="7.796"/>
  <testcase classname="ca.walmart.qa.testcases.HomePageTestCases" name="Filter_TC43_Brand" time="0.002"/>
  <testcase classname="ca.walmart.qa.testcases.HomePageTestCases" name="Search_TC32_KeywordSearch" time="6.488"/>
  <testcase classname="ca.walmart.qa.testcases.HomePageTestCases" name="Search_TC33_DescriptionText" time="6.797"/>
  <testcase classname="ca.walmart.qa.testcases.HomePageTestCases" name="Search_TC34_ItemNumber" time="7.553">
    <failure type="java.lang.AssertionError" message="expected [Search: 1019194] but found [Search: 1012164]">
      <![CDATA[java.lang.AssertionError: expected [Search: 1019194] but found [Search: 1012164]
at ca.walmart.qa.testcases.HomePageTestCases.Search_TC34_ItemNumber(HomePageTestCases.java:54)
at java.base/java.util.ArrayList.forEach(ArrayList.java:1511)
... Removed 33 stack frames]]>
    </failure>
  </testcase> <!-- Search_TC34_ItemNumber -->
  <testcase classname="ca.walmart.qa.testcases.HomePageTestCases" name="Search_TC35_PartialitemNumber" time="5.326">
    <failure type="java.lang.AssertionError" message="expected [Search: 101919] but found [Search: 10191]">
      <![CDATA[java.lang.AssertionError: expected [Search: 101919] but found [Search: 10191]
at ca.walmart.qa.testcases.HomePageTestCases.Search_TC35_PartialitemNumber(HomePageTestCases.java:61)
at java.base/java.util.ArrayList.forEach(ArrayList.java:1511)
... Removed 33 stack frames]]>
    </failure>
  </testcase> <!-- Search_TC35_PartialitemNumber -->
  <testcase classname="ca.walmart.qa.testcases.HomePageTestCases" name="Search_TC37_PageItemCount" time="8.186"/>
  <testcase classname="ca.walmart.qa.testcases.LoginPageTestCases" name="Login_TC10_LastnameErrorMsg" time="0.361">
    <failure type="java.lang.AssertionError" message="expected [please enter valid last name.] but found [Please enter a valid last name.]">
      <![CDATA[java.lang.AssertionError: expected [please enter valid last name.] but found [Please enter a valid last name.]
at ca.walmart.qa.testcases.LoginPageTestCases.Login_TC10_LastnameErrorMsg(LoginPageTestCases.java:117)
at java.base/java.util.ArrayList.forEach(ArrayList.java:1511)
... Removed 33 stack frames]]>
    </failure>
  </testcase> <!-- Login_TC10_LastnameErrorMsg -->
  <testcase classname="ca.walmart.qa.testcases.LoginPageTestCases" name="Login_TC12_Exact10Phone" time="0.345"/>
  <testcase classname="ca.walmart.qa.testcases.LoginPageTestCases" name="Login_TC13_Lessthan10Phone" time="0.36"/>
  <testcase classname="ca.walmart.qa.testcases.LoginPageTestCases" name="Login_TC14_Morethan10Phone" time="0.362"/>
  <testcase classname="ca.walmart.qa.testcases.LoginPageTestCases" name="Login_TC15_ErrorMessagePhone" time="0.293">
    <failure type="java.lang.AssertionError" message="expected [Please enter valid phone number.] but found [Please enter a valid phone number.]">
      <![CDATA[java.lang.AssertionError: expected [Please enter valid phone number.] but found [Please enter a valid phone number.]
at ca.walmart.qa.testcases.LoginPageTestCases.Login_TC15_ErrorMessagePhone(LoginPageTestCases.java:147)
at java.base/java.util.ArrayList.forEach(ArrayList.java:1511)
... Removed 33 stack frames]]>
    </failure>
  </testcase> <!-- Login_TC15_ErrorMessagePhone -->
  <testcase classname="ca.walmart.qa.testcases.LoginPageTestCases" name="Login_TC16_ValidEmail" time="0.396"/>
  <testcase classname="ca.walmart.qa.testcases.LoginPageTestCases" name="Login_TC17_InvalidEmail" time="0.384"/>
  <testcase classname="ca.walmart.qa.testcases.LoginPageTestCases" name="Login_TC18_PasswordMoreThan6" time="0.347"/>
  <testcase classname="ca.walmart.qa.testcases.LoginPageTestCases" name="Login_TC19_PasswordLessThan6" time="0.299"/>
  <testcase classname="ca.walmart.qa.testcases.LoginPageTestCases" name="Login_TC1_FirstnameMoreThan2Char" time="0.31"/>
  <testcase classname="ca.walmart.qa.testcases.LoginPageTestCases" name="Login_TC20_EncryptPassword" time="0.492"/>
  <testcase classname="ca.walmart.qa.testcases.LoginPageTestCases" name="Login_TC21_ShowPassword" time="3.375"/>
  <testcase classname="ca.walmart.qa.testcases.LoginPageTestCases" name="Login_TC22_StrongPassword" time="0.257"/>
  <testcase classname="ca.walmart.qa.testcases.LoginPageTestCases" name="Login_TC23_CharAndSpecialCharPassword" time="0.241"/>
  <testcase classname="ca.walmart.qa.testcases.LoginPageTestCases" name="Login_TC24_SpecialCharAndCharPassword" time="0.187"/>
  <testcase classname="ca.walmart.qa.testcases.LoginPageTestCases" name="Login_TC25_CharacterPassword" time="0.261"/>
  <testcase classname="ca.walmart.qa.testcases.LoginPageTestCases" name="Login_TC27_NumberPassword" time="0.182"/>
  <testcase classname="ca.walmart.qa.testcases.LoginPageTestCases" name="Login_TC2_FirstnameLessThan2Char" time="0.341"/>
  <testcase classname="ca.walmart.qa.testcases.LoginPageTestCases" name="Login_TC3_FirstnameSpecialChar" time="0.304"/>
  <testcase classname="ca.walmart.qa.testcases.LoginPageTestCases" name="Login_TC4_BlankFirstnameMsg" time="0.223"/>
  <testcase classname="ca.walmart.qa.testcases.LoginPageTestCases" name="Login_TC5_FirstnameErrorMsg" time="0.264">
    <failure type="java.lang.AssertionError" message="expected [please enter valid first name.] but found [Please enter a valid first name.]">
      <![CDATA[java.lang.AssertionError: expected [please enter valid first name.] but found [Please enter a valid first name.]
at ca.walmart.qa.testcases.LoginPageTestCases.Login_TC5_FirstnameErrorMsg(LoginPageTestCases.java:75)
at java.base/java.util.ArrayList.forEach(ArrayList.java:1511)
... Removed 33 stack frames]]>
    </failure>
  </testcase> <!-- Login_TC5_FirstnameErrorMsg -->
  <testcase classname="ca.walmart.qa.testcases.LoginPageTestCases" name="Login_TC6_LastnameMoreThan2Char" time="0.291"/>
  <testcase classname="ca.walmart.qa.testcases.LoginPageTestCases" name="Login_TC7_LastnameLessthan2Char" time="0.348"/>
  <testcase classname="ca.walmart.qa.testcases.LoginPageTestCases" name="Login_TC8_LastnameSpecialChar" time="0.369"/>
  <testcase classname="ca.walmart.qa.testcases.LoginPageTestCases" name="Login_TC9_BlankLastnameMsg" time="0.375"/>
  <testcase classname="ca.walmart.qa.testcases.LoginPageTestCases" name="loginPageTitleCheck" time="0.008"/>
  <testcase classname="ca.walmart.qa.testcases.ShirtPageTestCases" name="Search_TC36_Result" time="9.694"/>
</testsuite> <!-- Test -->
